<?xml version="1.0" encoding="UTF-8"?>
<!-- Generated by org.testng.reporters.JUnitReportReporter -->
<testsuite hostname="DESKTOP-GB2A1GR" failures="0" tests="1" name="testcases.IXIGO_E2E_Page_Test" time="78.077" errors="0" timestamp="05 Apr 2021 04:31:54 GMT" skipped="0">
  <testcase classname="testcases.IXIGO_E2E_Page_Test" name="LoginPageTest" time="78.077"/>
</testsuite> <!-- testcases.IXIGO_E2E_Page_Test -->
