<?xml version="1.0" encoding="UTF-8"?>
<!-- Generated by org.testng.reporters.JUnitReportReporter -->
<testsuite hostname="DESKTOP-GB2A1GR" failures="0" tests="3" name="Dataprovider.ExcelDataprovider" time="0.019" errors="0" timestamp="22 Feb 2021 18:50:47 GMT" skipped="0">
  <testcase classname="Dataprovider.ExcelDataprovider" name="Test1" time="0.002"/>
  <testcase classname="Dataprovider.ExcelDataprovider" name="Test1" time="0.003"/>
  <testcase classname="Dataprovider.ExcelDataprovider" name="Test1" time="0.014"/>
</testsuite> <!-- Dataprovider.ExcelDataprovider -->
