<?xml version="1.0" encoding="UTF-8"?>
<!-- Generated by org.testng.reporters.JUnitReportReporter -->
<testsuite hostname="DESKTOP-GB2A1GR" failures="0" tests="1" name="pages.Ajassert" time="0.019" errors="0" timestamp="28 Feb 2021 16:11:26 GMT" skipped="0">
  <testcase classname="pages.Ajassert" name="StringTest" time="0.019"/>
</testsuite> <!-- pages.Ajassert -->
