<?xml version="1.0" encoding="UTF-8"?>
<!-- Generated by org.testng.reporters.JUnitReportReporter -->
<testsuite hostname="DESKTOP-GB2A1GR" failures="0" tests="2" name="testcases.TC00001_Login_Page_Test" time="41.846" errors="0" timestamp="03 Mar 2021 20:11:40 GMT" skipped="0">
  <testcase classname="testcases.TC00001_Login_Page_Test" name="LoginPageTest1" time="22.322"/>
  <testcase classname="testcases.TC00001_Login_Page_Test" name="LoginPageTest2" time="19.524"/>
</testsuite> <!-- testcases.TC00001_Login_Page_Test -->
