<?xml version="1.0" encoding="UTF-8"?>
<!-- Generated by org.testng.reporters.JUnitReportReporter -->
<testsuite hostname="DESKTOP-GB2A1GR" failures="0" tests="1" name="pages.LoginpageTest" time="16.809" errors="0" timestamp="12 Feb 2021 07:27:30 GMT" skipped="0">
  <testcase classname="pages.LoginpageTest" name="test1" time="16.809"/>
</testsuite> <!-- pages.LoginpageTest -->
