<?xml version="1.0" encoding="UTF-8"?>
<!-- Generated by org.testng.reporters.JUnitReportReporter -->
<testsuite hostname="DESKTOP-GB2A1GR" failures="0" tests="3" name="Practice.LoginPageTest" time="110.756" errors="0" timestamp="25 Feb 2021 07:40:12 GMT" skipped="0">
  <testcase classname="Practice.LoginPageTest" name="Login" time="38.307"/>
  <testcase classname="Practice.LoginPageTest" name="Login" time="38.511"/>
  <testcase classname="Practice.LoginPageTest" name="Login" time="33.938"/>
</testsuite> <!-- Practice.LoginPageTest -->
