<?xml version="1.0" encoding="UTF-8"?>
<!-- Generated by org.testng.reporters.JUnitReportReporter -->
<testsuite hostname="DESKTOP-GB2A1GR" failures="0" tests="1" name="LoginpageTest" time="19.746" errors="0" timestamp="11 Feb 2021 07:55:25 GMT" skipped="0">
  <testcase classname="LoginpageTest" name="test1" time="19.746"/>
</testsuite> <!-- LoginpageTest -->
