<?xml version="1.0" encoding="UTF-8"?>
<!-- Generated by org.testng.reporters.JUnitReportReporter -->
<testsuite hostname="DESKTOP-GB2A1GR" failures="0" tests="1" name="Annotations.AnnotationTest" time="0.029" errors="0" timestamp="06 Mar 2021 12:13:58 GMT" skipped="0">
  <testcase classname="Annotations.AnnotationTest" name="testingTest" time="0.029"/>
</testsuite> <!-- Annotations.AnnotationTest -->
