<?xml version="1.0" encoding="UTF-8"?>
<!-- Generated by org.testng.reporters.JUnitReportReporter -->
<testsuite hostname="DESKTOP-GB2A1GR" failures="0" tests="3" name="Listner.Runner" time="0.016" errors="0" timestamp="23 Feb 2021 11:43:28 GMT" skipped="2">
  <testcase classname="Listner.Runner" name="test3" time="0.016"/>
  <testcase classname="Listner.Runner" name="test1">
    <skipped/>
  </testcase> <!-- test1 -->
  <testcase classname="Listner.Runner" name="test2">
    <skipped/>
  </testcase> <!-- test2 -->
</testsuite> <!-- Listner.Runner -->
