<?xml version="1.0" encoding="UTF-8"?>
<!-- Generated by org.testng.reporters.JUnitReportReporter -->
<testsuite hostname="DESKTOP-GB2A1GR" failures="0" tests="1" name="testcases.TC01_Login_Page" time="12.949" errors="1" timestamp="08 Mar 2021 07:03:27 GMT" skipped="0">
  <testcase classname="testcases.TC01_Login_Page" name="LoginPageTest1" time="12.949">
    <error message="Cannot invoke &quot;Annotations.FrameworkAnnotation.author()&quot; because the return value of &quot;java.lang.reflect.Method.getAnnotation(java.lang.Class)&quot; is null" type="java.lang.NullPointerException">
      <![CDATA[java.lang.NullPointerException: Cannot invoke "Annotations.FrameworkAnnotation.author()" because the return value of "java.lang.reflect.Method.getAnnotation(java.lang.Class)" is null
at Listeners.ListenersClass.onTestStart(ListenersClass.java:81)
at org.testng.internal.TestListenerHelper.runTestListeners(TestListenerHelper.java:73)
at org.testng.internal.Invoker.runTestListeners(Invoker.java:1389)
at org.testng.internal.Invoker.invokeMethod(Invoker.java:559)
at org.testng.internal.Invoker.invokeTestMethod(Invoker.java:719)
at org.testng.internal.Invoker.invokeTestMethods(Invoker.java:989)
at org.testng.internal.TestMethodWorker.invokeTestMethods(TestMethodWorker.java:125)
at org.testng.internal.TestMethodWorker.run(TestMethodWorker.java:109)
at java.base/java.util.concurrent.ThreadPoolExecutor.runWorker(ThreadPoolExecutor.java:1130)
at java.base/java.util.concurrent.ThreadPoolExecutor$Worker.run(ThreadPoolExecutor.java:630)
at java.base/java.lang.Thread.run(Thread.java:832)
]]>
    </error>
  </testcase> <!-- LoginPageTest1 -->
</testsuite> <!-- testcases.TC01_Login_Page -->
