<?xml version="1.0" encoding="UTF-8"?>
<!-- Generated by org.testng.reporters.JUnitReportReporter -->
<testsuite hostname="DESKTOP-GB2A1GR" failures="0" tests="2" name="Dataprovider.ExcelData1" time="0.020" errors="0" timestamp="19 Feb 2021 07:48:07 GMT" skipped="0">
  <testcase classname="Dataprovider.ExcelData1" name="test1" time="0.016"/>
  <testcase classname="Dataprovider.ExcelData1" name="test1" time="0.004"/>
</testsuite> <!-- Dataprovider.ExcelData1 -->
