<?xml version="1.0" encoding="UTF-8"?>
<!-- Generated by org.testng.reporters.JUnitReportReporter -->
<testsuite hostname="DESKTOP-GB2A1GR" failures="0" tests="1" name="driversUtility.Driver" time="6.307" errors="0" timestamp="01 Apr 2021 09:32:38 GMT" skipped="0">
  <testcase classname="driversUtility.Driver" name="initialization" time="6.307"/>
</testsuite> <!-- driversUtility.Driver -->
