<?xml version="1.0" encoding="UTF-8"?>
<!-- Generated by org.testng.reporters.JUnitReportReporter -->
<testsuite hostname="DESKTOP-GB2A1GR" failures="0" tests="1" name="testcases.TC001_Login_Page_Test" time="111.360" errors="0" timestamp="04 Apr 2021 18:51:37 GMT" skipped="0">
  <testcase classname="testcases.TC001_Login_Page_Test" name="LoginPageTest" time="111.360"/>
</testsuite> <!-- testcases.TC001_Login_Page_Test -->
