<?xml version="1.0" encoding="UTF-8"?>
<!-- Generated by org.testng.reporters.JUnitReportReporter -->
<testsuite hostname="DESKTOP-GB2A1GR" failures="0" tests="2" name="pages.HomePageTest" time="67.847" errors="0" timestamp="12 Feb 2021 07:27:30 GMT" skipped="0">
  <testcase classname="pages.HomePageTest" name="test3" time="35.463"/>
  <testcase classname="pages.HomePageTest" name="test2" time="32.384"/>
</testsuite> <!-- pages.HomePageTest -->
