<?xml version="1.0" encoding="UTF-8"?>
<!-- Generated by org.testng.reporters.JUnitReportReporter -->
<testsuite hostname="DESKTOP-GB2A1GR" failures="0" tests="1" name="Dataprovider.ExcelUtils" time="1.317" errors="0" timestamp="01 Mar 2021 06:10:37 GMT" skipped="0">
  <testcase classname="Dataprovider.ExcelUtils" name="read_excel" time="1.317"/>
</testsuite> <!-- Dataprovider.ExcelUtils -->
